d:\projects\f-1709_march\f-1709_march\x64\release\vc140.pdb
d:\projects\f-1709_march\f-1709_march\x64\release\task_3d_prism.obj
d:\projects\f-1709_march\f-1709_march\x64\release\task_2d_point_source.obj
d:\projects\f-1709_march\f-1709_march\x64\release\stephan_amt.obj
d:\projects\f-1709_march\f-1709_march\x64\release\spline_1d_smooth.obj
d:\projects\f-1709_march\f-1709_march\x64\release\spline_1d_interpolative.obj
d:\projects\f-1709_march\f-1709_march\x64\release\spline.obj
d:\projects\f-1709_march\f-1709_march\x64\release\source_w_field_selection.obj
d:\projects\f-1709_march\f-1709_march\x64\release\prototype_task.obj
d:\projects\f-1709_march\f-1709_march\x64\release\polar_task.obj
d:\projects\f-1709_march\f-1709_march\x64\release\plumes_conjns.obj
d:\projects\f-1709_march\f-1709_march\x64\release\painter.obj
d:\projects\f-1709_march\f-1709_march\x64\release\navierstockstest.obj
d:\projects\f-1709_march\f-1709_march\x64\release\navierstocks.obj
d:\projects\f-1709_march\f-1709_march\x64\release\melt_sf.obj
d:\projects\f-1709_march\f-1709_march\x64\release\main.obj
d:\projects\f-1709_march\f-1709_march\x64\release\ms_comparison.obj
d:\projects\f-1709_march\f-1709_march\x64\release\free_meshing.obj
d:\projects\f-1709_march\f-1709_march\x64\release\find_theta.obj
d:\projects\f-1709_march\f-1709_march\x64\release\cubic_task.obj
d:\projects\f-1709_march\f-1709_march\x64\release\cartesian_test_task.obj
d:\projects\f-1709_march\f-1709_march\x64\release\triangular_mesh_delaunay.obj
d:\projects\f-1709_march\f-1709_march\x64\release\time_dependent_task.obj
d:\projects\f-1709_march\f-1709_march\x64\release\test_1d_task.obj
d:\projects\f-1709_march\f-1709_march\x64\release\task_magn_expl.obj
d:\projects\f-1709_march\f-1709_march\x64\release\task_vector_2d.obj
d:\projects\f-1709_march\f-1709_march\x64\release\task_triangular_hierarchical.obj
d:\projects\f-1709_march\f-1709_march\x64\release\task_rectangles_3.obj
d:\projects\f-1709_march\f-1709_march\x64\release\task_rectangles_1.obj
d:\projects\f-1709_march\f-1709_march\x64\release\task_mixed_tr_mesh.obj
d:\projects\f-1709_march\f-1709_march\x64\release\task_mesh_interpolation.obj
d:\projects\f-1709_march\f-1709_march\x64\release\task_additional_field.obj
d:\projects\f-1709_march\f-1709_march\x64\release\task_3d_simple.obj
d:\projects\f-1709_march\f-1709_march\x64\release\task_3d_point_source.obj
d:\projects\f-1709_march\x64\release\f-1709_march.exe
d:\projects\f-1709_march\x64\release\f-1709_march.ipdb
d:\projects\f-1709_march\x64\release\f-1709_march.iobj
d:\projects\f-1709_march\x64\release\f-1709_march.pdb
d:\projects\f-1709_march\f-1709_march\x64\release\basic_figure.obj
d:\projects\f-1709_march\f-1709_march\x64\release\condition.obj
d:\projects\f-1709_march\f-1709_march\x64\release\cube_element.obj
d:\projects\f-1709_march\f-1709_march\x64\release\cubic_mesh.obj
d:\projects\f-1709_march\f-1709_march\x64\release\dynamic_mesh_prototype.obj
d:\projects\f-1709_march\f-1709_march\x64\release\edges.obj
d:\projects\f-1709_march\f-1709_march\x64\release\element_1d_hermitian.obj
d:\projects\f-1709_march\f-1709_march\x64\release\element_1d_hier.obj
d:\projects\f-1709_march\f-1709_march\x64\release\element_1d_l1.obj
d:\projects\f-1709_march\f-1709_march\x64\release\integration.obj
d:\projects\f-1709_march\f-1709_march\x64\release\mathvector.obj
d:\projects\f-1709_march\f-1709_march\x64\release\matrix.obj
d:\projects\f-1709_march\f-1709_march\x64\release\mesh_1d_hermitian.obj
d:\projects\f-1709_march\f-1709_march\x64\release\mesh_1d_hier.obj
d:\projects\f-1709_march\f-1709_march\x64\release\mesh_1d_l1.obj
d:\projects\f-1709_march\f-1709_march\x64\release\mixed_triangular_mesh.obj
d:\projects\f-1709_march\f-1709_march\x64\release\node_1d.obj
d:\projects\f-1709_march\f-1709_march\x64\release\node_2d.obj
d:\projects\f-1709_march\f-1709_march\x64\release\node_2d_polar.obj
d:\projects\f-1709_march\f-1709_march\x64\release\node_3d.obj
d:\projects\f-1709_march\f-1709_march\x64\release\optimization.obj
d:\projects\f-1709_march\f-1709_march\x64\release\parallel_realisations.obj
d:\projects\f-1709_march\f-1709_march\x64\release\point.obj
d:\projects\f-1709_march\f-1709_march\x64\release\prism.obj
d:\projects\f-1709_march\f-1709_march\x64\release\prismatic_mesh.obj
d:\projects\f-1709_march\f-1709_march\x64\release\prototype_element.obj
d:\projects\f-1709_march\f-1709_march\x64\release\prototype_mesh.obj
d:\projects\f-1709_march\f-1709_march\x64\release\prototype_node.obj
d:\projects\f-1709_march\f-1709_march\x64\release\rectangle_element.obj
d:\projects\f-1709_march\f-1709_march\x64\release\rectangle_element_3.obj
d:\projects\f-1709_march\f-1709_march\x64\release\rectangle_hermitian.obj
d:\projects\f-1709_march\f-1709_march\x64\release\rectangular_mesh.obj
d:\projects\f-1709_march\f-1709_march\x64\release\rectangular_mesh_3.obj
d:\projects\f-1709_march\f-1709_march\x64\release\rectangular_mesh_spline.obj
d:\projects\f-1709_march\f-1709_march\x64\release\sparse_matrixes.obj
d:\projects\f-1709_march\f-1709_march\x64\release\triangle_element.obj
d:\projects\f-1709_march\f-1709_march\x64\release\triangle_element_hier.obj
d:\projects\f-1709_march\f-1709_march\x64\release\triangle_element_polar.obj
d:\projects\f-1709_march\f-1709_march\x64\release\triangle_vector.obj
d:\projects\f-1709_march\f-1709_march\x64\release\triangle_vector_mesh.obj
d:\projects\f-1709_march\f-1709_march\x64\release\triangular_mesh.obj
d:\projects\f-1709_march\f-1709_march\x64\release\triangular_mesh_hier.obj
d:\projects\f-1709_march\f-1709_march\x64\release\triangular_polar_mesh.obj
d:\projects\f-1709_march\f-1709_march\x64\release\triangulation.obj
d:\projects\f-1709_march\f-1709_march\x64\release\f-1709_march.tlog\cl.command.1.tlog
d:\projects\f-1709_march\f-1709_march\x64\release\f-1709_march.tlog\cl.read.1.tlog
d:\projects\f-1709_march\f-1709_march\x64\release\f-1709_march.tlog\cl.write.1.tlog
d:\projects\f-1709_march\f-1709_march\x64\release\f-1709_march.tlog\link.command.1.tlog
d:\projects\f-1709_march\f-1709_march\x64\release\f-1709_march.tlog\link.read.1.tlog
d:\projects\f-1709_march\f-1709_march\x64\release\f-1709_march.tlog\link.write.1.tlog
